<?xml version="1.0" encoding="UTF-8"?>
<!-- Generated by org.testng.reporters.JUnitXMLReporter -->
<testsuite hostname="matharu" ignored="0" name="Test" tests="5" failures="0" timestamp="24 Jul 2019 07:25:12 GMT" time="3.724" errors="0">
  <testcase name="fetchingImagesTest" time="0.125" classname="com.facebook.Testcases.LoginTest"/>
  <testcase name="fetchingLinksTest" time="1.736" classname="com.facebook.Testcases.LoginTest"/>
  <testcase name="newuserTest" time="1.58" classname="com.facebook.Testcases.LoginTest"/>
  <testcase name="verifyLoginTest" time="0.242" classname="com.facebook.Testcases.LoginTest"/>
  <testcase name="verifyTitleTest" time="0.011" classname="com.facebook.Testcases.LoginTest"/>
</testsuite> <!-- Test -->
