<?xml version="1.0" encoding="UTF-8"?>
<testng-results skipped="0" failed="0" ignored="0" total="5" passed="5">
  <reporter-output>
  </reporter-output>
  <suite name="Suite" duration-ms="3724" started-at="2019-07-24T07:25:09Z" finished-at="2019-07-24T07:25:12Z">
    <groups>
    </groups>
    <test name="Test" duration-ms="3724" started-at="2019-07-24T07:25:09Z" finished-at="2019-07-24T07:25:12Z">
      <class name="com.facebook.Testcases.LoginTest">
        <test-method status="PASS" signature="setUp()[pri:0, instance:com.facebook.Testcases.LoginTest@19dfb72a]" name="setUp" is-config="true" duration-ms="12708" started-at="2019-07-24T07:24:56Z" finished-at="2019-07-24T07:25:09Z">
          <reporter-output>
          </reporter-output>
        </test-method> <!-- setUp -->
        <test-method status="PASS" signature="fetchingImagesTest()[pri:0, instance:com.facebook.Testcases.LoginTest@19dfb72a]" name="fetchingImagesTest" duration-ms="125" started-at="2019-07-24T07:25:09Z" finished-at="2019-07-24T07:25:09Z">
          <reporter-output>
          </reporter-output>
        </test-method> <!-- fetchingImagesTest -->
        <test-method status="PASS" signature="fetchingLinksTest()[pri:0, instance:com.facebook.Testcases.LoginTest@19dfb72a]" name="fetchingLinksTest" duration-ms="1736" started-at="2019-07-24T07:25:09Z" finished-at="2019-07-24T07:25:11Z">
          <reporter-output>
          </reporter-output>
        </test-method> <!-- fetchingLinksTest -->
        <test-method status="PASS" signature="newuserTest()[pri:0, instance:com.facebook.Testcases.LoginTest@19dfb72a]" name="newuserTest" duration-ms="1580" started-at="2019-07-24T07:25:11Z" finished-at="2019-07-24T07:25:12Z">
          <reporter-output>
          </reporter-output>
        </test-method> <!-- newuserTest -->
        <test-method status="PASS" signature="verifyLoginTest()[pri:0, instance:com.facebook.Testcases.LoginTest@19dfb72a]" name="verifyLoginTest" duration-ms="242" started-at="2019-07-24T07:25:12Z" finished-at="2019-07-24T07:25:12Z">
          <reporter-output>
          </reporter-output>
        </test-method> <!-- verifyLoginTest -->
        <test-method status="PASS" signature="verifyTitleTest()[pri:0, instance:com.facebook.Testcases.LoginTest@19dfb72a]" name="verifyTitleTest" duration-ms="11" started-at="2019-07-24T07:25:12Z" finished-at="2019-07-24T07:25:12Z">
          <reporter-output>
          </reporter-output>
        </test-method> <!-- verifyTitleTest -->
        <test-method status="PASS" signature="tearDown()[pri:0, instance:com.facebook.Testcases.LoginTest@19dfb72a]" name="tearDown" is-config="true" duration-ms="1080" started-at="2019-07-24T07:25:12Z" finished-at="2019-07-24T07:25:14Z">
          <reporter-output>
          </reporter-output>
        </test-method> <!-- tearDown -->
      </class> <!-- com.facebook.Testcases.LoginTest -->
    </test> <!-- Test -->
  </suite> <!-- Suite -->
</testng-results>
